This file contains any messages produced by compilers while
running configure, to aid debugging if configure makes a mistake.

It was created by configure, which was
generated by GNU Autoconf 2.57.  Invocation command line was

  $ ./configure 

## --------- ##
## Platform. ##
## --------- ##

hostname = localhost.localdomain
uname -m = i686
uname -r = 2.4.20-8
uname -s = Linux
uname -v = #1 Thu Mar 13 17:54:28 EST 2003

/usr/bin/uname -p = unknown
/bin/uname -X     = unknown

/bin/arch              = i686
/usr/bin/arch -k       = unknown
/usr/convex/getsysinfo = unknown
hostinfo               = unknown
/bin/machine           = unknown
/usr/bin/oslevel       = unknown
/bin/universe          = unknown

PATH: /bin
PATH: /usr/bin
PATH: /usr/local/bin
PATH: /usr/bin/X11
PATH: /usr/X11R6/bin
PATH: /home/girishmd/bin


## ----------- ##
## Core tests. ##
## ----------- ##

configure:1265: checking for ranlib
configure:1284: found /usr/bin/ranlib
configure:1297: result: /usr/bin/ranlib
configure:1353: checking for gcc
configure:1369: found /usr/bin/gcc
configure:1379: result: gcc
configure:1623: checking for C compiler version
configure:1626: gcc --version </dev/null >&5
gcc (GCC) 3.2.2 20030222 (Red Hat Linux 3.2.2-5)
Copyright (C) 2002 Free Software Foundation, Inc.
This is free software; see the source for copying conditions.  There is NO
warranty; not even for MERCHANTABILITY or FITNESS FOR A PARTICULAR PURPOSE.

configure:1629: $? = 0
configure:1631: gcc -v </dev/null >&5
Reading specs from /usr/lib/gcc-lib/i386-redhat-linux/3.2.2/specs
Configured with: ../configure --prefix=/usr --mandir=/usr/share/man --infodir=/usr/share/info --enable-shared --enable-threads=posix --disable-checking --with-system-zlib --enable-__cxa_atexit --host=i386-redhat-linux
Thread model: posix
gcc version 3.2.2 20030222 (Red Hat Linux 3.2.2-5)
configure:1634: $? = 0
configure:1636: gcc -V </dev/null >&5
gcc: argument to `-V' is missing
configure:1639: $? = 1
configure:1663: checking for C compiler default output
configure:1666: gcc    conftest.c  >&5
configure:1669: $? = 0
configure:1715: result: a.out
configure:1720: checking whether the C compiler works
configure:1726: ./a.out
configure:1729: $? = 0
configure:1746: result: yes
configure:1753: checking whether we are cross compiling
configure:1755: result: no
configure:1758: checking for suffix of executables
configure:1760: gcc -o conftest    conftest.c  >&5
configure:1763: $? = 0
configure:1788: result: 
configure:1794: checking for suffix of object files
configure:1816: gcc -c   conftest.c >&5
configure:1819: $? = 0
configure:1841: result: o
configure:1845: checking whether we are using the GNU C compiler
configure:1870: gcc -c   conftest.c >&5
configure:1873: $? = 0
configure:1876: test -s conftest.o
configure:1879: $? = 0
configure:1892: result: yes
configure:1898: checking whether gcc accepts -g
configure:1920: gcc -c -g  conftest.c >&5
configure:1923: $? = 0
configure:1926: test -s conftest.o
configure:1929: $? = 0
configure:1940: result: yes
configure:1957: checking for gcc option to accept ANSI C
configure:2018: gcc  -c -g -O2  conftest.c >&5
configure:2021: $? = 0
configure:2024: test -s conftest.o
configure:2027: $? = 0
configure:2045: result: none needed
configure:2063: gcc -c -g -O2  conftest.c >&5
conftest.c:2: parse error before "me"
configure:2066: $? = 1
configure: failed program was:
| #ifndef __cplusplus
|   choke me
| #endif
configure:2212: checking for a BSD-compatible install
configure:2266: result: /usr/bin/install -c
configure:2278: checking whether make sets $(MAKE)
configure:2298: result: yes
configure:2323: checking for curl_easy_perform in -lcurl
configure:2354: gcc -o conftest -g -O2   conftest.c -lcurl   >&5
configure:2357: $? = 0
configure:2360: test -s conftest
configure:2363: $? = 0
configure:2375: result: yes
configure:2387: checking for XML_SetUserData in -lexpat
configure:2418: gcc -o conftest -g -O2   conftest.c -lexpat  -lcurl  >&5
configure:2421: $? = 0
configure:2424: test -s conftest
configure:2427: $? = 0
configure:2439: result: yes
configure:2451: checking for pow in -lm
configure:2482: gcc -o conftest -g -O2   conftest.c -lm  -lexpat -lcurl  >&5
configure:2485: $? = 0
configure:2488: test -s conftest
configure:2491: $? = 0
configure:2503: result: yes
configure:2520: checking how to run the C preprocessor
configure:2556: gcc -E  conftest.c
configure:2562: $? = 0
configure:2594: gcc -E  conftest.c
configure:2596:28: ac_nonexistent.h: No such file or directory
configure:2600: $? = 1
configure: failed program was:
| #line 2585 "configure"
| /* confdefs.h.  */
| 
| #define PACKAGE_NAME ""
| #define PACKAGE_TARNAME ""
| #define PACKAGE_VERSION ""
| #define PACKAGE_STRING ""
| #define PACKAGE_BUGREPORT ""
| #define HAVE_LIBCURL 1
| #define HAVE_LIBEXPAT 1
| #define HAVE_LIBM 1
| /* end confdefs.h.  */
| #include <ac_nonexistent.h>
configure:2638: result: gcc -E
configure:2663: gcc -E  conftest.c
configure:2669: $? = 0
configure:2701: gcc -E  conftest.c
configure:2703:28: ac_nonexistent.h: No such file or directory
configure:2707: $? = 1
configure: failed program was:
| #line 2692 "configure"
| /* confdefs.h.  */
| 
| #define PACKAGE_NAME ""
| #define PACKAGE_TARNAME ""
| #define PACKAGE_VERSION ""
| #define PACKAGE_STRING ""
| #define PACKAGE_BUGREPORT ""
| #define HAVE_LIBCURL 1
| #define HAVE_LIBEXPAT 1
| #define HAVE_LIBM 1
| /* end confdefs.h.  */
| #include <ac_nonexistent.h>
configure:2750: checking for egrep
configure:2760: result: grep -E
configure:2765: checking for ANSI C header files
configure:2791: gcc -c -g -O2  conftest.c >&5
configure:2794: $? = 0
configure:2797: test -s conftest.o
configure:2800: $? = 0
configure:2889: gcc -o conftest -g -O2   conftest.c -lm -lexpat -lcurl  >&5
configure:2892: $? = 0
configure:2894: ./conftest
configure:2897: $? = 0
configure:2912: result: yes
configure:2936: checking for sys/types.h
configure:2953: gcc -c -g -O2  conftest.c >&5
configure:2956: $? = 0
configure:2959: test -s conftest.o
configure:2962: $? = 0
configure:2973: result: yes
configure:2936: checking for sys/stat.h
configure:2953: gcc -c -g -O2  conftest.c >&5
configure:2956: $? = 0
configure:2959: test -s conftest.o
configure:2962: $? = 0
configure:2973: result: yes
configure:2936: checking for stdlib.h
configure:2953: gcc -c -g -O2  conftest.c >&5
configure:2956: $? = 0
configure:2959: test -s conftest.o
configure:2962: $? = 0
configure:2973: result: yes
configure:2936: checking for string.h
configure:2953: gcc -c -g -O2  conftest.c >&5
configure:2956: $? = 0
configure:2959: test -s conftest.o
configure:2962: $? = 0
configure:2973: result: yes
configure:2936: checking for memory.h
configure:2953: gcc -c -g -O2  conftest.c >&5
configure:2956: $? = 0
configure:2959: test -s conftest.o
configure:2962: $? = 0
configure:2973: result: yes
configure:2936: checking for strings.h
configure:2953: gcc -c -g -O2  conftest.c >&5
configure:2956: $? = 0
configure:2959: test -s conftest.o
configure:2962: $? = 0
configure:2973: result: yes
configure:2936: checking for inttypes.h
configure:2953: gcc -c -g -O2  conftest.c >&5
configure:2956: $? = 0
configure:2959: test -s conftest.o
configure:2962: $? = 0
configure:2973: result: yes
configure:2936: checking for stdint.h
configure:2953: gcc -c -g -O2  conftest.c >&5
configure:2956: $? = 0
configure:2959: test -s conftest.o
configure:2962: $? = 0
configure:2973: result: yes
configure:2936: checking for unistd.h
configure:2953: gcc -c -g -O2  conftest.c >&5
configure:2956: $? = 0
configure:2959: test -s conftest.o
configure:2962: $? = 0
configure:2973: result: yes
configure:3001: checking malloc.h usability
configure:3014: gcc -c -g -O2  conftest.c >&5
configure:3017: $? = 0
configure:3020: test -s conftest.o
configure:3023: $? = 0
configure:3033: result: yes
configure:3037: checking malloc.h presence
configure:3048: gcc -E  conftest.c
configure:3054: $? = 0
configure:3073: result: yes
configure:3109: checking for malloc.h
configure:3116: result: yes
configure:3001: checking sys/time.h usability
configure:3014: gcc -c -g -O2  conftest.c >&5
configure:3017: $? = 0
configure:3020: test -s conftest.o
configure:3023: $? = 0
configure:3033: result: yes
configure:3037: checking sys/time.h presence
configure:3048: gcc -E  conftest.c
configure:3054: $? = 0
configure:3073: result: yes
configure:3109: checking for sys/time.h
configure:3116: result: yes
configure:2992: checking for unistd.h
configure:2997: result: yes
configure:3130: checking for an ANSI C-conforming const
configure:3198: gcc -c -g -O2  conftest.c >&5
configure:3201: $? = 0
configure:3204: test -s conftest.o
configure:3207: $? = 0
configure:3218: result: yes
configure:3228: checking for size_t
configure:3253: gcc -c -g -O2  conftest.c >&5
configure:3256: $? = 0
configure:3259: test -s conftest.o
configure:3262: $? = 0
configure:3273: result: yes
configure:3285: checking whether time.h and sys/time.h may both be included
configure:3311: gcc -c -g -O2  conftest.c >&5
configure:3314: $? = 0
configure:3317: test -s conftest.o
configure:3320: $? = 0
configure:3331: result: yes
configure:3341: checking whether struct tm is in sys/time.h or time.h
configure:3365: gcc -c -g -O2  conftest.c >&5
configure:3368: $? = 0
configure:3371: test -s conftest.o
configure:3374: $? = 0
configure:3385: result: time.h
configure:3396: checking for working memcmp
configure:3445: gcc -o conftest -g -O2   conftest.c -lm -lexpat -lcurl  >&5
configure:3448: $? = 0
configure:3450: ./conftest
configure:3453: $? = 0
configure:3467: result: yes
configure:3478: checking for ftime
configure:3528: gcc -o conftest -g -O2   conftest.c -lm -lexpat -lcurl  >&5
configure:3531: $? = 0
configure:3534: test -s conftest
configure:3537: $? = 0
configure:3548: result: yes
configure:3478: checking for gethostname
configure:3528: gcc -o conftest -g -O2   conftest.c -lm -lexpat -lcurl  >&5
configure:3531: $? = 0
configure:3534: test -s conftest
configure:3537: $? = 0
configure:3548: result: yes
configure:3478: checking for gettimeofday
configure:3528: gcc -o conftest -g -O2   conftest.c -lm -lexpat -lcurl  >&5
configure:3531: $? = 0
configure:3534: test -s conftest
configure:3537: $? = 0
configure:3548: result: yes
configure:3478: checking for strtod
configure:3528: gcc -o conftest -g -O2   conftest.c -lm -lexpat -lcurl  >&5
configure:3531: $? = 0
configure:3534: test -s conftest
configure:3537: $? = 0
configure:3548: result: yes
configure:3686: creating ./config.status

## ---------------------- ##
## Running config.status. ##
## ---------------------- ##

This file was extended by config.status, which was
generated by GNU Autoconf 2.57.  Invocation command line was

  CONFIG_FILES    = 
  CONFIG_HEADERS  = 
  CONFIG_LINKS    = 
  CONFIG_COMMANDS = 
  $ ./config.status 

on localhost.localdomain

config.status:616: creating source/makefile
config.status:616: creating example/makefile
config.status:616: creating test/makefile
config.status:616: creating makefile
config.status:616: creating source/common/makefile
config.status:616: creating source/utils/makefile
config.status:616: creating source/xml/makefile
config.status:616: creating source/xdr/makefile

## ---------------- ##
## Cache variables. ##
## ---------------- ##

ac_cv_c_compiler_gnu=yes
ac_cv_c_const=yes
ac_cv_env_CC_set=
ac_cv_env_CC_value=
ac_cv_env_CFLAGS_set=
ac_cv_env_CFLAGS_value=
ac_cv_env_CPPFLAGS_set=
ac_cv_env_CPPFLAGS_value=
ac_cv_env_CPP_set=
ac_cv_env_CPP_value=
ac_cv_env_LDFLAGS_set=
ac_cv_env_LDFLAGS_value=
ac_cv_env_build_alias_set=
ac_cv_env_build_alias_value=
ac_cv_env_host_alias_set=
ac_cv_env_host_alias_value=
ac_cv_env_target_alias_set=
ac_cv_env_target_alias_value=
ac_cv_exeext=
ac_cv_func_ftime=yes
ac_cv_func_gethostname=yes
ac_cv_func_gettimeofday=yes
ac_cv_func_memcmp_working=yes
ac_cv_func_strtod=yes
ac_cv_header_inttypes_h=yes
ac_cv_header_malloc_h=yes
ac_cv_header_memory_h=yes
ac_cv_header_stdc=yes
ac_cv_header_stdint_h=yes
ac_cv_header_stdlib_h=yes
ac_cv_header_string_h=yes
ac_cv_header_strings_h=yes
ac_cv_header_sys_stat_h=yes
ac_cv_header_sys_time_h=yes
ac_cv_header_sys_types_h=yes
ac_cv_header_time=yes
ac_cv_header_unistd_h=yes
ac_cv_lib_curl_curl_easy_perform=yes
ac_cv_lib_expat_XML_SetUserData=yes
ac_cv_lib_m_pow=yes
ac_cv_objext=o
ac_cv_path_RANLIB=/usr/bin/ranlib
ac_cv_path_install='/usr/bin/install -c'
ac_cv_prog_CPP='gcc -E'
ac_cv_prog_ac_ct_CC=gcc
ac_cv_prog_cc_g=yes
ac_cv_prog_cc_stdc=
ac_cv_prog_egrep='grep -E'
ac_cv_prog_make_make_set=yes
ac_cv_struct_tm=time.h
ac_cv_type_size_t=yes

## ----------------- ##
## Output variables. ##
## ----------------- ##

CC='gcc'
CFLAGS='-g -O2'
CPP='gcc -E'
CPPFLAGS=''
DEFS='-DPACKAGE_NAME=\"\" -DPACKAGE_TARNAME=\"\" -DPACKAGE_VERSION=\"\" -DPACKAGE_STRING=\"\" -DPACKAGE_BUGREPORT=\"\" -DHAVE_LIBCURL=1 -DHAVE_LIBEXPAT=1 -DHAVE_LIBM=1 -DSTDC_HEADERS=1 -DHAVE_SYS_TYPES_H=1 -DHAVE_SYS_STAT_H=1 -DHAVE_STDLIB_H=1 -DHAVE_STRING_H=1 -DHAVE_MEMORY_H=1 -DHAVE_STRINGS_H=1 -DHAVE_INTTYPES_H=1 -DHAVE_STDINT_H=1 -DHAVE_UNISTD_H=1 -DHAVE_MALLOC_H=1 -DHAVE_SYS_TIME_H=1 -DHAVE_UNISTD_H=1 -DTIME_WITH_SYS_TIME=1 -DHAVE_FTIME=1 -DHAVE_GETHOSTNAME=1 -DHAVE_GETTIMEOFDAY=1 -DHAVE_STRTOD=1 '
ECHO_C=''
ECHO_N='-n'
ECHO_T=''
EGREP='grep -E'
EXEEXT=''
INSTALL_DATA='${INSTALL} -m 644'
INSTALL_PROGRAM='${INSTALL}'
INSTALL_SCRIPT='${INSTALL}'
LDFLAGS=''
LIBOBJS=''
LIBS='-lm -lexpat -lcurl '
LTLIBOBJS=''
OBJEXT='o'
PACKAGE_BUGREPORT=''
PACKAGE_NAME=''
PACKAGE_STRING=''
PACKAGE_TARNAME=''
PACKAGE_VERSION=''
PATH_SEPARATOR=':'
RANLIB='/usr/bin/ranlib'
SET_MAKE=''
SHELL='/bin/sh'
ac_ct_CC='gcc'
bindir='${exec_prefix}/bin'
build_alias=''
datadir='${prefix}/share'
exec_prefix='${prefix}'
host_alias=''
includedir='${prefix}/include'
infodir='${prefix}/info'
libdir='${exec_prefix}/lib'
libexecdir='${exec_prefix}/libexec'
localstatedir='${prefix}/var'
mandir='${prefix}/man'
oldincludedir='/usr/include'
prefix='/usr/local'
program_transform_name='s,x,x,'
sbindir='${exec_prefix}/sbin'
sharedstatedir='${prefix}/com'
sysconfdir='${prefix}/etc'
target_alias=''

## ----------- ##
## confdefs.h. ##
## ----------- ##

#define HAVE_FTIME 1
#define HAVE_GETHOSTNAME 1
#define HAVE_GETTIMEOFDAY 1
#define HAVE_INTTYPES_H 1
#define HAVE_LIBCURL 1
#define HAVE_LIBEXPAT 1
#define HAVE_LIBM 1
#define HAVE_MALLOC_H 1
#define HAVE_MEMORY_H 1
#define HAVE_STDINT_H 1
#define HAVE_STDLIB_H 1
#define HAVE_STRINGS_H 1
#define HAVE_STRING_H 1
#define HAVE_STRTOD 1
#define HAVE_SYS_STAT_H 1
#define HAVE_SYS_TIME_H 1
#define HAVE_SYS_TYPES_H 1
#define HAVE_UNISTD_H 1
#define HAVE_UNISTD_H 1
#define PACKAGE_BUGREPORT ""
#define PACKAGE_NAME ""
#define PACKAGE_STRING ""
#define PACKAGE_TARNAME ""
#define PACKAGE_VERSION ""
#define STDC_HEADERS 1
#define TIME_WITH_SYS_TIME 1

configure: exit 0

## ---------------------- ##
## Running config.status. ##
## ---------------------- ##

This file was extended by config.status, which was
generated by GNU Autoconf 2.57.  Invocation command line was

  CONFIG_FILES    = makefile
  CONFIG_HEADERS  = 
  CONFIG_LINKS    = 
  CONFIG_COMMANDS = 
  $ ./config.status 

on localhost.localdomain

config.status:616: creating makefile

## ---------------------- ##
## Running config.status. ##
## ---------------------- ##

This file was extended by config.status, which was
generated by GNU Autoconf 2.57.  Invocation command line was

  CONFIG_FILES    = source/makefile
  CONFIG_HEADERS  = 
  CONFIG_LINKS    = 
  CONFIG_COMMANDS = 
  $ ./config.status 

on localhost.localdomain

config.status:616: creating source/makefile

## ---------------------- ##
## Running config.status. ##
## ---------------------- ##

This file was extended by config.status, which was
generated by GNU Autoconf 2.57.  Invocation command line was

  CONFIG_FILES    = source/utils/makefile
  CONFIG_HEADERS  = 
  CONFIG_LINKS    = 
  CONFIG_COMMANDS = 
  $ ./config.status 

on localhost.localdomain

config.status:616: creating source/utils/makefile

## ---------------------- ##
## Running config.status. ##
## ---------------------- ##

This file was extended by config.status, which was
generated by GNU Autoconf 2.57.  Invocation command line was

  CONFIG_FILES    = source/xdr/makefile
  CONFIG_HEADERS  = 
  CONFIG_LINKS    = 
  CONFIG_COMMANDS = 
  $ ./config.status 

on localhost.localdomain

config.status:616: creating source/xdr/makefile

## ---------------------- ##
## Running config.status. ##
## ---------------------- ##

This file was extended by config.status, which was
generated by GNU Autoconf 2.57.  Invocation command line was

  CONFIG_FILES    = source/xml/makefile
  CONFIG_HEADERS  = 
  CONFIG_LINKS    = 
  CONFIG_COMMANDS = 
  $ ./config.status 

on localhost.localdomain

config.status:616: creating source/xml/makefile

## ---------------------- ##
## Running config.status. ##
## ---------------------- ##

This file was extended by config.status, which was
generated by GNU Autoconf 2.57.  Invocation command line was

  CONFIG_FILES    = source/common/makefile
  CONFIG_HEADERS  = 
  CONFIG_LINKS    = 
  CONFIG_COMMANDS = 
  $ ./config.status 

on localhost.localdomain

config.status:616: creating source/common/makefile

## ---------------------- ##
## Running config.status. ##
## ---------------------- ##

This file was extended by config.status, which was
generated by GNU Autoconf 2.57.  Invocation command line was

  CONFIG_FILES    = 
  CONFIG_HEADERS  = 
  CONFIG_LINKS    = 
  CONFIG_COMMANDS = 
  $ ./config.status makefile

on localhost.localdomain

config.status:616: creating makefile

## ---------------------- ##
## Running config.status. ##
## ---------------------- ##

This file was extended by config.status, which was
generated by GNU Autoconf 2.57.  Invocation command line was

  CONFIG_FILES    = 
  CONFIG_HEADERS  = 
  CONFIG_LINKS    = 
  CONFIG_COMMANDS = 
  $ ./config.status source/makefile

on localhost.localdomain

config.status:616: creating source/makefile

## ---------------------- ##
## Running config.status. ##
## ---------------------- ##

This file was extended by config.status, which was
generated by GNU Autoconf 2.57.  Invocation command line was

  CONFIG_FILES    = 
  CONFIG_HEADERS  = 
  CONFIG_LINKS    = 
  CONFIG_COMMANDS = 
  $ ./config.status source/utils/makefile

on localhost.localdomain

config.status:616: creating source/utils/makefile

## ---------------------- ##
## Running config.status. ##
## ---------------------- ##

This file was extended by config.status, which was
generated by GNU Autoconf 2.57.  Invocation command line was

  CONFIG_FILES    = 
  CONFIG_HEADERS  = 
  CONFIG_LINKS    = 
  CONFIG_COMMANDS = 
  $ ./config.status source/xdr/makefile

on localhost.localdomain

config.status:616: creating source/xdr/makefile

## ---------------------- ##
## Running config.status. ##
## ---------------------- ##

This file was extended by config.status, which was
generated by GNU Autoconf 2.57.  Invocation command line was

  CONFIG_FILES    = 
  CONFIG_HEADERS  = 
  CONFIG_LINKS    = 
  CONFIG_COMMANDS = 
  $ ./config.status source/xml/makefile

on localhost.localdomain

config.status:616: creating source/xml/makefile

## ---------------------- ##
## Running config.status. ##
## ---------------------- ##

This file was extended by config.status, which was
generated by GNU Autoconf 2.57.  Invocation command line was

  CONFIG_FILES    = 
  CONFIG_HEADERS  = 
  CONFIG_LINKS    = 
  CONFIG_COMMANDS = 
  $ ./config.status source/common/makefile

on localhost.localdomain

config.status:616: creating source/common/makefile
